2025-05-28 15:22:41,135 - INFO - Processing feed: BBC News (United Kingdom)
2025-05-28 15:22:42,804 - INFO - Successfully parsed 35 items from BBC News (United Kingdom)
2025-05-28 15:22:43,805 - INFO - Processing feed: CNN (United States)
2025-05-28 15:22:45,294 - INFO - Successfully parsed 50 items from CNN (United States)
2025-05-28 15:22:46,296 - INFO - Processing feed: Al Jazeera (Qatar)
2025-05-28 15:22:47,021 - INFO - Successfully parsed 25 items from Al Jazeera (Qatar)
2025-05-28 15:22:48,021 - INFO - Processing feed: NHK (Japan)
2025-05-28 15:22:48,821 - INFO - Successfully parsed 7 items from NHK (Japan)
2025-05-28 15:22:49,822 - INFO - Processing feed: The Times of India (India)
2025-05-28 15:22:49,964 - ERROR - Error parsing feed The Times of India (India): <urlopen error [WinError 10054] An existing connection was forcibly closed by the remote host>
2025-05-28 15:22:50,969 - INFO - Processing feed: The Straits Times (Singapore)
2025-05-28 15:22:51,556 - ERROR - Error parsing feed The Straits Times (Singapore): <unknown>:2:0: syntax error
2025-05-28 15:22:52,557 - INFO - Processing feed: The Star (Malaysia)
2025-05-28 15:22:52,890 - ERROR - Error parsing feed The Star (Malaysia): <unknown>:29:2: mismatched tag
2025-05-28 15:22:53,891 - INFO - Processing feed: Jakarta Post (Indonesia)
2025-05-28 15:22:54,554 - ERROR - Error parsing feed Jakarta Post (Indonesia): <unknown>:23:44: not well-formed (invalid token)
2025-05-28 15:22:55,555 - INFO - Processing feed: Yonhap News (South Korea)
2025-05-28 15:22:57,271 - ERROR - Error parsing feed Yonhap News (South Korea): <unknown>:2:2: not well-formed (invalid token)
2025-05-28 15:22:58,272 - INFO - Processing feed: China Daily (China)
2025-05-28 15:22:59,731 - ERROR - Error parsing feed China Daily (China): document declared as us-ascii, but parsed as utf-8
2025-05-28 15:23:00,732 - INFO - Processing feed: ABC News (Australia)
2025-05-28 15:23:01,590 - ERROR - Error parsing feed ABC News (Australia): <unknown>:2:2040: not well-formed (invalid token)
2025-05-28 15:23:02,591 - INFO - Processing feed: Deutsche Welle (Germany)
2025-05-28 15:23:04,973 - INFO - Successfully parsed 12 items from Deutsche Welle (Germany)
2025-05-28 15:23:05,975 - INFO - Processing feed: France 24 (France)
2025-05-28 15:23:06,680 - INFO - Successfully parsed 24 items from France 24 (France)
2025-05-28 15:23:07,682 - INFO - Processing feed: Folha de S.Paulo (Brazil)
2025-05-28 15:23:09,737 - ERROR - Error parsing feed Folha de S.Paulo (Brazil): document declared as us-ascii, but parsed as iso-8859-1
2025-05-28 15:23:10,738 - INFO - Processing feed: News24 (South Africa)
2025-05-28 15:23:12,795 - ERROR - Error parsing feed News24 (South Africa): <unknown>:74:18: not well-formed (invalid token)
2025-05-28 15:23:13,796 - INFO - Processing feed: Punch Nigeria (Nigeria)
2025-05-28 15:23:15,505 - INFO - Successfully parsed 0 items from Punch Nigeria (Nigeria)
2025-05-28 15:23:16,506 - INFO - Processing feed: CBC News (Canada)
2025-05-28 16:41:54,655 - INFO - Processing feed: BBC News (United Kingdom)
2025-05-28 16:41:56,358 - INFO - Successfully parsed 35 items from BBC News (United Kingdom)
2025-05-28 16:41:57,359 - INFO - Processing feed: CNN (United States)
2025-05-28 16:41:58,445 - INFO - Successfully parsed 50 items from CNN (United States)
2025-05-28 16:41:59,446 - INFO - Processing feed: Al Jazeera (Qatar)
2025-05-28 16:42:00,301 - INFO - Successfully parsed 25 items from Al Jazeera (Qatar)
2025-05-28 16:42:01,302 - INFO - Processing feed: NHK (Japan)
2025-05-28 16:42:02,132 - INFO - Successfully parsed 7 items from NHK (Japan)
2025-05-28 16:42:03,133 - INFO - Processing feed: The Times of India (India)
2025-05-28 16:42:03,435 - ERROR - Error parsing feed The Times of India (India): <urlopen error [WinError 10054] An existing connection was forcibly closed by the remote host>
2025-05-28 16:42:04,437 - INFO - Processing feed: The Straits Times (Singapore)
2025-05-28 16:42:04,936 - ERROR - Error parsing feed The Straits Times (Singapore): <unknown>:2:0: syntax error
2025-05-28 16:42:05,938 - INFO - Processing feed: The Star (Malaysia)
2025-05-28 16:42:06,373 - ERROR - Error parsing feed The Star (Malaysia): <unknown>:29:2: mismatched tag
2025-05-28 16:42:07,374 - INFO - Processing feed: Jakarta Post (Indonesia)
2025-05-28 16:42:07,928 - ERROR - Error parsing feed Jakarta Post (Indonesia): <unknown>:23:44: not well-formed (invalid token)
2025-05-28 16:42:08,929 - INFO - Processing feed: Yonhap News (South Korea)
2025-05-28 16:42:10,609 - ERROR - Error parsing feed Yonhap News (South Korea): <unknown>:2:2: not well-formed (invalid token)
2025-05-28 16:42:11,611 - INFO - Processing feed: China Daily (China)
2025-05-28 16:42:12,739 - ERROR - Error parsing feed China Daily (China): document declared as us-ascii, but parsed as utf-8
2025-05-28 16:42:13,740 - INFO - Processing feed: ABC News (Australia)
2025-05-28 16:42:14,852 - ERROR - Error parsing feed ABC News (Australia): <unknown>:2:2040: not well-formed (invalid token)
2025-05-28 16:42:15,852 - INFO - Processing feed: Deutsche Welle (Germany)
2025-05-28 16:42:18,288 - INFO - Successfully parsed 12 items from Deutsche Welle (Germany)
2025-05-28 16:42:19,289 - INFO - Processing feed: France 24 (France)
2025-05-28 16:42:19,999 - INFO - Successfully parsed 24 items from France 24 (France)
2025-05-28 16:42:21,000 - INFO - Processing feed: Folha de S.Paulo (Brazil)
2025-05-28 16:42:23,089 - ERROR - Error parsing feed Folha de S.Paulo (Brazil): document declared as us-ascii, but parsed as iso-8859-1
2025-05-28 16:42:24,090 - INFO - Processing feed: News24 (South Africa)
2025-05-28 16:42:27,328 - ERROR - Error parsing feed News24 (South Africa): <unknown>:74:18: not well-formed (invalid token)
2025-05-28 16:42:28,330 - INFO - Processing feed: Punch Nigeria (Nigeria)
2025-05-28 16:42:30,483 - INFO - Successfully parsed 0 items from Punch Nigeria (Nigeria)
2025-05-28 16:42:31,484 - INFO - Processing feed: CBC News (Canada)
2025-05-28 17:01:26,724 - ERROR - Unexpected error for CBC News (Canada): Remote end closed connection without response
2025-05-28 17:01:27,759 - INFO - Processing feed: TASS (Russia)
2025-05-28 17:01:34,425 - INFO - Successfully parsed 100 items from TASS (Russia)
2025-05-28 17:01:35,426 - INFO - Processing feed: El Universal (Mexico)
2025-05-28 17:01:43,443 - ERROR - Error parsing feed El Universal (Mexico): <unknown>:2:32965: not well-formed (invalid token)
2025-05-28 17:01:44,444 - INFO - Processing feed: Ahram Online (Egypt)
2025-05-28 17:01:46,591 - ERROR - Error parsing feed Ahram Online (Egypt): <unknown>:29:64: not well-formed (invalid token)
2025-05-28 17:01:47,591 - INFO - Processing feed: Hurriyet Daily News (Turkey)
2025-05-28 17:01:48,765 - INFO - Successfully parsed 0 items from Hurriyet Daily News (Turkey)
2025-05-28 17:01:49,766 - INFO - Processing feed: Dawn (Pakistan)
2025-05-28 17:01:50,956 - INFO - Successfully parsed 26 items from Dawn (Pakistan)
2025-05-28 17:01:51,958 - INFO - Processing feed: Clarin (Argentina)
2025-05-28 17:01:52,917 - ERROR - Error parsing feed Clarin (Argentina): <unknown>:16:59: not well-formed (invalid token)
2025-05-28 17:01:53,918 - INFO - Processing feed: Bangkok Post (Thailand)
2025-05-28 17:01:54,289 - ERROR - Error parsing feed Bangkok Post (Thailand): <urlopen error [Errno 11002] getaddrinfo failed>
2025-05-28 17:01:55,291 - INFO - Processing feed: The Standard (Kenya)
2025-05-28 17:02:38,708 - ERROR - Error parsing feed The Standard (Kenya): <unknown>:13:36: not well-formed (invalid token)
2025-05-28 17:02:39,751 - INFO - Saved 278 news items to news_data.csv
2025-05-28 17:02:39,780 - INFO - Saved 278 news items to news_data.db
2025-05-28 17:02:39,791 - INFO - Summary: [{'country': 'France', 'source': 'France 24', 'total_articles': 24, 'historical_data': 'Varies by feed (up to 1 year where available)'}, {'country': 'Germany', 'source': 'Deutsche Welle', 'total_articles': 12, 'historical_data': 'Varies by feed (up to 1 year where available)'}, {'country': 'Japan', 'source': 'NHK', 'total_articles': 7, 'historical_data': 'Varies by feed (up to 1 year where available)'}, {'country': 'Pakistan', 'source': 'Dawn', 'total_articles': 26, 'historical_data': 'Varies by feed (up to 1 year where available)'}, {'country': 'Qatar', 'source': 'Al Jazeera', 'total_articles': 25, 'historical_data': 'Varies by feed (up to 1 year where available)'}, {'country': 'Russia', 'source': 'TASS', 'total_articles': 100, 'historical_data': 'Varies by feed (up to 1 year where available)'}, {'country': 'United Kingdom', 'source': 'BBC News', 'total_articles': 35, 'historical_data': 'Varies by feed (up to 1 year where available)'}, {'country': 'United States', 'source': 'CNN', 'total_articles': 50, 'historical_data': 'Varies by feed (up to 1 year where available)'}]
2025-05-28 17:02:39,793 - INFO - Summary saved to news_summary.csv
2025-05-28 17:02:42,193 - INFO - Processing feed: BBC News (United Kingdom)
2025-05-28 17:02:44,011 - INFO - Successfully parsed 35 items from BBC News (United Kingdom)
2025-05-28 17:02:45,013 - INFO - Processing feed: CNN (United States)
2025-05-28 17:02:46,669 - INFO - Successfully parsed 50 items from CNN (United States)
2025-05-28 17:02:47,670 - INFO - Processing feed: Al Jazeera (Qatar)
2025-05-28 17:02:48,438 - INFO - Successfully parsed 25 items from Al Jazeera (Qatar)
2025-05-28 17:02:49,438 - INFO - Processing feed: NHK (Japan)
2025-05-28 17:02:50,796 - INFO - Successfully parsed 7 items from NHK (Japan)
2025-05-28 17:02:51,798 - INFO - Processing feed: The Times of India (India)
2025-05-28 17:02:52,198 - ERROR - Error parsing feed The Times of India (India): <urlopen error [WinError 10054] An existing connection was forcibly closed by the remote host>
2025-05-28 17:02:53,199 - INFO - Processing feed: The Straits Times (Singapore)
2025-05-28 17:02:53,727 - ERROR - Error parsing feed The Straits Times (Singapore): <unknown>:2:0: syntax error
2025-05-28 17:02:54,728 - INFO - Processing feed: The Star (Malaysia)
2025-05-28 17:02:55,130 - ERROR - Error parsing feed The Star (Malaysia): <unknown>:29:2: mismatched tag
2025-05-28 17:02:56,131 - INFO - Processing feed: Jakarta Post (Indonesia)
2025-05-28 17:02:56,574 - ERROR - Error parsing feed Jakarta Post (Indonesia): <unknown>:23:44: not well-formed (invalid token)
2025-05-28 17:02:57,575 - INFO - Processing feed: Yonhap News (South Korea)
2025-05-28 17:02:59,399 - ERROR - Error parsing feed Yonhap News (South Korea): <unknown>:2:2: not well-formed (invalid token)
2025-05-28 17:03:00,400 - INFO - Processing feed: China Daily (China)
2025-05-28 17:03:01,308 - ERROR - Error parsing feed China Daily (China): document declared as us-ascii, but parsed as utf-8
2025-05-28 17:03:02,309 - INFO - Processing feed: ABC News (Australia)
2025-05-28 17:03:04,024 - ERROR - Error parsing feed ABC News (Australia): <unknown>:2:2040: not well-formed (invalid token)
2025-05-28 17:03:05,025 - INFO - Processing feed: Deutsche Welle (Germany)
2025-05-28 17:03:09,351 - INFO - Successfully parsed 12 items from Deutsche Welle (Germany)
2025-05-28 17:03:10,353 - INFO - Processing feed: France 24 (France)
2025-05-28 17:03:11,208 - INFO - Successfully parsed 24 items from France 24 (France)
2025-05-28 17:03:12,209 - INFO - Processing feed: Folha de S.Paulo (Brazil)
2025-05-28 17:03:15,453 - ERROR - Error parsing feed Folha de S.Paulo (Brazil): document declared as us-ascii, but parsed as iso-8859-1
2025-05-28 17:03:16,454 - INFO - Processing feed: News24 (South Africa)
2025-05-28 17:03:18,416 - ERROR - Error parsing feed News24 (South Africa): <unknown>:74:18: not well-formed (invalid token)
2025-05-28 17:03:19,417 - INFO - Processing feed: Punch Nigeria (Nigeria)
2025-05-28 17:03:41,412 - INFO - Successfully parsed 0 items from Punch Nigeria (Nigeria)
2025-05-28 17:03:42,414 - INFO - Processing feed: CBC News (Canada)
